<?xml version="1.0" encoding="UTF-8"?>
<!-- Generated by org.testng.reporters.JUnitReportReporter -->
<testsuite skipped="0" hostname="HABEEBRAHUMAN" name="A1_google_test.google_test" tests="1" failures="0" timestamp="2023-05-26T23:48:56 IST" time="7.167" errors="0">
  <testcase name="validategoogle" time="7.167" classname="A1_google_test.google_test"/>
  <system-out/>
</testsuite> <!-- A1_google_test.google_test -->
