<?xml version="1.0" encoding="UTF-8"?>
<!-- Generated by org.testng.reporters.JUnitReportReporter -->
<testsuite skipped="0" hostname="HABEEBRAHUMAN" name="A2_Bing_test.bing_test" tests="1" failures="0" timestamp="2023-05-27T00:04:24 IST" time="3.741" errors="0">
  <testcase name="validategoogle" time="3.741" classname="A2_Bing_test.bing_test"/>
  <system-out/>
</testsuite> <!-- A2_Bing_test.bing_test -->
