<?xml version="1.0" encoding="UTF-8"?>
<!-- Generated by org.testng.reporters.JUnitReportReporter -->
<testsuite hostname="HABEEBRAHUMAN" failures="0" tests="1" name="A2_Bing_test.bing_test" time="2.997" errors="0" timestamp="2023-05-27T00:26:04 IST" skipped="0">
  <testcase classname="A2_Bing_test.bing_test" name="validategoogle" time="2.997"/>
</testsuite> <!-- A2_Bing_test.bing_test -->
