<?xml version="1.0" encoding="UTF-8"?>
<!-- Generated by org.testng.reporters.JUnitReportReporter -->
<testsuite hostname="HABEEBRAHUMAN" failures="0" tests="1" name="A1_google_test.google_test" time="5.703" errors="0" timestamp="2023-05-27T00:26:04 IST" skipped="0">
  <testcase classname="A1_google_test.google_test" name="validategoogle" time="5.703"/>
</testsuite> <!-- A1_google_test.google_test -->
